Mikroračunari sa primenom u obrazovanju - 2010/11

1
Magistrale. Razmatranje magistrala.

Keš memorija. Algoritmi zamene.

Izvršavanje kompletne instrukcije.

Razmatranja o putu podataka i kontroli.


-----------------------------------------------------------------------------
Mikroračunari sa primenom u obrazovanju - 2010/11

2
68000 – Asemblerski jezik.

Memorije samo za čitanje. EPROM.

Mikroprogramska kontrola. Emulacija.

Rizik podataka. Bočni efekti.


-----------------------------------------------------------------------------
Mikroračunari sa primenom u obrazovanju - 2010/11

3
68000 – Instrukcije grananja i petlje.

Memorije samo za čitanje. EEPROM.

Izvršavanje kompletne instrukcije.

Rizik instrukcija. Uslovni skokovi i predviđanja skoka.


-----------------------------------------------------------------------------
Mikroračunari sa primenom u obrazovanju - 2010/11

4
IA32 – U/I operacije. Memorijski mapiran U/I, izolovan U/I i blokovski transfer.

Memorije samo za čitanje. EEPROM.

Izvršavanje kompletne instrukcije.

Razmatranja o putu podataka i kontroli.


-----------------------------------------------------------------------------
Mikroračunari sa primenom u obrazovanju - 2010/11

5
Prekidi. Hardver za prekide.

Keš memorija. Funkcije mapiranja.

Mikroprogramska kontrola. Adresiranje sa širokim grananjem.

Rizik podataka. Rukovanje rizikom podataka u softveru.


-----------------------------------------------------------------------------
Mikroračunari sa primenom u obrazovanju - 2010/11

6
Prekidi. Kontrolisanje zahteva od uređaja.

Memorije samo za čitanje. EEPROM.

Organizacija procesorske jedinice sa više magistrala.

Rizik podataka. Rukovanje rizikom podataka u softveru.


-----------------------------------------------------------------------------
Mikroračunari sa primenom u obrazovanju - 2010/11

7
IA32 – MMX instrukcije.

Brzina, veličina i cena.

Mikroprogramska kontrola. Emulacija.

Rizik podataka. Prosleđivanje operatora.


-----------------------------------------------------------------------------
Mikroračunari sa primenom u obrazovanju - 2010/11

8
Istorijska perspektiva razvoja računarstva. Razvoj posle četvrte generacija računara.

Memorije samo za čitanje. EPROM.

Mikroprogramska kontrola. Pred-dohvatanje mikroinstrukcija.

Osnovni koncepti. Performanse protočnosti.


-----------------------------------------------------------------------------
Mikroračunari sa primenom u obrazovanju - 2010/11

9
68000 – Instrukcije.

Memorije samo za čitanje. Fleš memorija.

Mikroprogramska kontrola. Pred-dohvatanje mikroinstrukcija.

Superskalarne operacije. Izvršavanja van redosleda.


-----------------------------------------------------------------------------
Mikroračunari sa primenom u obrazovanju - 2010/11

10
68000 – Ulazno/izlazne operacije.

Virtualna memorija. Translacija adresa.

Izvršavanje kompletne instrukcije.

Osnovni koncepti. Uloga keš memorije.


-----------------------------------------------------------------------------
Mikroračunari sa primenom u obrazovanju - 2010/11

11
ARM – Logičke instrukcije.

Memorije samo za čitanje. EPROM.

Osnovni koncepti. Smeštanje reči u memoriju.

Rizik podataka. Rukovanje rizikom podataka u softveru.


-----------------------------------------------------------------------------
Mikroračunari sa primenom u obrazovanju - 2010/11

12
Istorijska perspektiva razvoja računarstva. Evolucija performansi.

Poluprovodnički RAM. Statička memorija.

Dekoderi.

Rizik podataka. Bočni efekti.


-----------------------------------------------------------------------------
Mikroračunari sa primenom u obrazovanju - 2010/11

13
ARM primer programa. Program za sortiranje bajtova.

Sekundarna memorija. Optički diskovi.

Brojači.

Razmatranja o putu podataka i kontroli.


-----------------------------------------------------------------------------
Mikroračunari sa primenom u obrazovanju - 2010/11

14
Prekidi. Struktura prekida kod Pentium-a.

Razmatranje performansi. Keš implementiran na procesorskom čipu.

Multiplekseri.

Rizik instrukcija. Bezuslovni skokovi.


-----------------------------------------------------------------------------
Mikroračunari sa primenom u obrazovanju - 2010/11

15
Magistrale. Razmatranje magistrala.

Memorije samo za čitanje. ROM.

Brojači.

Superskalarne operacije. Izvršavanja van redosleda.


-----------------------------------------------------------------------------
Mikroračunari sa primenom u obrazovanju - 2010/11

16
68000 – Ulazno/izlazne operacije.

Razmatranje performansi. Keš implementiran na procesorskom čipu.

Osnovni koncepti. Prenos između registara.

Osnovni koncepti. Uloga keš memorije.


-----------------------------------------------------------------------------
Mikroračunari sa primenom u obrazovanju - 2010/11

17
68000 – Logičke instrukcije.

Memorije samo za čitanje. EEPROM.

Brojači.

Osnovni koncepti. Performanse protočnosti.


-----------------------------------------------------------------------------
Mikroračunari sa primenom u obrazovanju - 2010/11

18
68000 – Stekovi i potprogrami.

Keš memorija. Primeri keširanja kod komercijalnih procesora.

Osnovni koncepti. Izvršavanje aritmetičkih ili logičkih operacija.

Razmatranja o putu podataka i kontroli.


-----------------------------------------------------------------------------
Mikroračunari sa primenom u obrazovanju - 2010/11

19
Standardni U/I interfejsi. PCI magistrala.

Virtualna memorija. Translacija adresa.

Praktična implementacija logičkih kola. Paketi integralnih kola.

Rizik podataka. Bočni efekti.


-----------------------------------------------------------------------------
Mikroračunari sa primenom u obrazovanju - 2010/11

20
Elektronska kola interfejsa. Serijski port.

Memorije samo za čitanje. EEPROM.

Brojači.

Rizik instrukcija. Uslovni skokovi i predviđanja skoka.


-----------------------------------------------------------------------------
Mikroračunari sa primenom u obrazovanju - 2010/11

21
ARM primer programa. Skalarni proizvod vektora.

Keš memorija. Algoritmi zamene.

Mikroprogramska kontrola. Mikroinstrukcije sa poljem za sledeću adresu.

Osnovni koncepti. Performanse protočnosti.


-----------------------------------------------------------------------------
Mikroračunari sa primenom u obrazovanju - 2010/11

22
ARM – Logičke instrukcije.

Poluprovodnički RAM. Statička memorija.

Osnovni koncepti. Prenos između registara.

Uticaj na skup instrukcija. Adresni modovi.


-----------------------------------------------------------------------------
Mikroračunari sa primenom u obrazovanju - 2010/11

23
ARM – Instrukcije grananja i petlje.

Memorije samo za čitanje. Fleš memorija.

Praktična implementacija logičkih kola. CMOS kolo.

Osnovni koncepti. Performanse protočnosti.


-----------------------------------------------------------------------------
Mikroračunari sa primenom u obrazovanju - 2010/11

24
Prekidi. Rukovanje sa većim brojem uređaja.

Keš memorija. Primeri keširanja kod komercijalnih procesora.

Izvršavanje kompletne instrukcije.

Rizik podataka. Bočni efekti.


-----------------------------------------------------------------------------
Mikroračunari sa primenom u obrazovanju - 2010/11

25
Istorijska perspektiva razvoja računarstva. Evolucija performansi.

Memorije samo za čitanje. EEPROM.

Mikroprogramska kontrola. Mikroinstrukcije.

Uticaj na skup instrukcija. Adresni modovi.


-----------------------------------------------------------------------------
Mikroračunari sa primenom u obrazovanju - 2010/11

26
Elektronska kola interfejsa. Paralelni port.

Poluprovodnički RAM. Statička memorija.

Mikroprogramska kontrola. Mikroinstrukcije sa poljem za sledeću adresu.

Uticaj na skup instrukcija. Adresni modovi.


-----------------------------------------------------------------------------
Mikroračunari sa primenom u obrazovanju - 2010/11

27
IA32 – MMX instrukcije.

Memorije samo za čitanje. EPROM.

Mikroprogramska kontrola. Adresiranje sa širokim grananjem.

Superskalarne operacije. Okončavanje.


-----------------------------------------------------------------------------
Mikroračunari sa primenom u obrazovanju - 2010/11

28
Prekidi. Omogućavanje i onemogućavanje prekida.

Sekundarna memorija. Magnetni diskovi.

Izvršavanje kompletne instrukcije.

Rizik instrukcija. Bezuslovni skokovi.


-----------------------------------------------------------------------------
Mikroračunari sa primenom u obrazovanju - 2010/11

29
ARM – Struktura registara

Keš memorija. Primeri keširanja kod komercijalnih procesora.

Izvršavanje kompletne instrukcije grananja.

Superskalarne operacije. Izvršavanja van redosleda.


-----------------------------------------------------------------------------
Mikroračunari sa primenom u obrazovanju - 2010/11

30
Magistrale. Razmatranje magistrala.

Poluprovodnički RAM. Sinhroni DRAM.

Mikroprogramska kontrola. Adresiranje sa širokim grananjem.

Rizik podataka. Bočni efekti.


-----------------------------------------------------------------------------
Mikroračunari sa primenom u obrazovanju - 2010/11

31
ARM – Struktura registara

Keš memorija. Funkcije mapiranja.

Mikroprogramska kontrola. Mikroinstrukcije sa poljem za sledeću adresu.

Osnovni koncepti. Uloga keš memorije.


-----------------------------------------------------------------------------
Mikroračunari sa primenom u obrazovanju - 2010/11

32
Pristup U/I uređajima.

Poluprovodnički RAM. Sinhroni DRAM.

Praktična implementacija logičkih kola. Paketi integralnih kola.

Rizik podataka. Rukovanje rizikom podataka u softveru.


-----------------------------------------------------------------------------
Mikroračunari sa primenom u obrazovanju - 2010/11

33
ARM primer programa. Skalarni proizvod vektora.

Razmatranje performansi. Preplitanje.

Osnovni koncepti. Prenos između registara.

Rizik instrukcija. Uslovni skokovi i predviđanja skoka.


-----------------------------------------------------------------------------
Mikroračunari sa primenom u obrazovanju - 2010/11

34
Pristup U/I uređajima.

Keš memorija. Funkcije mapiranja.

Izvršavanje kompletne instrukcije grananja.

Rizik podataka. Prosleđivanje operatora.


-----------------------------------------------------------------------------
Mikroračunari sa primenom u obrazovanju - 2010/11

35
Prekidi. Rukovanje sa većim brojem uređaja.

Poluprovodnički RAM. Struktura većih memorija.

Osnovni koncepti. Smeštanje reči u memoriju.

Razmatranja o putu podataka i kontroli.


-----------------------------------------------------------------------------
Mikroračunari sa primenom u obrazovanju - 2010/11

36
ARM – Ulazno/izlazne operacije.

Memorije samo za čitanje. PROM.

Mikroprogramska kontrola. Pred-dohvatanje mikroinstrukcija.

Rizik podataka. Rukovanje rizikom podataka u softveru.


-----------------------------------------------------------------------------
Mikroračunari sa primenom u obrazovanju - 2010/11

37
Magistrale. Razmatranje magistrala.

Keš memorija. Funkcije mapiranja.

Praktična implementacija logičkih kola. CMOS kolo.

Osnovni koncepti. Uloga keš memorije.


-----------------------------------------------------------------------------
Mikroračunari sa primenom u obrazovanju - 2010/11

38
Multiprocesori i multiračunari.

Razmatranje performansi. Nivo pogotka i kazna za promašaj.

Osnovni koncepti. Smeštanje reči u memoriju.

Superskalarne operacije. Izvršavanja van redosleda.


-----------------------------------------------------------------------------
Mikroračunari sa primenom u obrazovanju - 2010/11

39
68000 primer programa. Povezane liste.

Memorije samo za čitanje. EEPROM.

Izvršavanje kompletne instrukcije.

Rizik podataka. Bočni efekti.


-----------------------------------------------------------------------------
Mikroračunari sa primenom u obrazovanju - 2010/11

40
ARM – Logičke instrukcije.

Sekundarna memorija. Magnetni diskovi.

Praktična implementacija logičkih kola. CMOS kolo.

Rizik podataka. Bočni efekti.


-----------------------------------------------------------------------------
Mikroračunari sa primenom u obrazovanju - 2010/11

41
ARM primer programa. Skalarni proizvod vektora.

Keš memorija. Algoritmi zamene.

Izvršavanje kompletne instrukcije grananja.

Superskalarne operacije. Okončavanje.


-----------------------------------------------------------------------------
Mikroračunari sa primenom u obrazovanju - 2010/11

42
IA32 – MMX instrukcije.

Osnovni pojmovi.

Mikroprogramska kontrola. Adresiranje sa širokim grananjem.

Rizik instrukcija. Uslovni skokovi i predviđanja skoka.


-----------------------------------------------------------------------------
Mikroračunari sa primenom u obrazovanju - 2010/11

43
Istorijska perspektiva razvoja računarstva. Razvoj posle četvrte generacija računara.

Memorije samo za čitanje. Fleš memorija.

Registri i registri sa pomeranjem.

Uticaj na skup instrukcija. Uslovni kodovi.


-----------------------------------------------------------------------------
Mikroračunari sa primenom u obrazovanju - 2010/11

44
Prekidi. Hardver za prekide.

Poluprovodnički RAM. Statička memorija.

Registri i registri sa pomeranjem.

Razmatranja o putu podataka i kontroli.


-----------------------------------------------------------------------------
Mikroračunari sa primenom u obrazovanju - 2010/11

45
IA32 – Vektorske (SIMD) instrukcije.

Keš memorija. Algoritmi zamene.

Praktična implementacija logičkih kola. Paketi integralnih kola.

Osnovni koncepti. Performanse protočnosti.


-----------------------------------------------------------------------------
Mikroračunari sa primenom u obrazovanju - 2010/11

46
ARM – Aritmetičke instrukcije.

Poluprovodnički RAM. Unutrašnja organizacija memorijskih čipova.

Multiplekseri.

Rizik instrukcija. Uslovni skokovi i predviđanja skoka.


-----------------------------------------------------------------------------
Mikroračunari sa primenom u obrazovanju - 2010/11

47
ARM – Logičke instrukcije.

Memorije samo za čitanje. EEPROM.

Mikroprogramska kontrola. Emulacija.

Rizik podataka. Prosleđivanje operatora.


-----------------------------------------------------------------------------
Mikroračunari sa primenom u obrazovanju - 2010/11

48
Multiprocesori i multiračunari.

Poluprovodnički RAM. Razmatranja koja se odnose na memorijski sistem.

Mikroprogramska kontrola. Emulacija.

Razmatranja o putu podataka i kontroli.


-----------------------------------------------------------------------------
Mikroračunari sa primenom u obrazovanju - 2010/11

49
ARM – Instrukcije grananja i petlje.

Poluprovodnički RAM. Statička memorija.

Osnovni koncepti. Smeštanje reči u memoriju.

Uticaj na skup instrukcija. Adresni modovi.


-----------------------------------------------------------------------------
Mikroračunari sa primenom u obrazovanju - 2010/11

50
Prekidi. Omogućavanje i onemogućavanje prekida.

Sekundarna memorija. Optički diskovi.

Ožičena kontrola. Pregled rada procesora.

Superskalarne operacije. Izvršavanja van redosleda.


-----------------------------------------------------------------------------
Mikroračunari sa primenom u obrazovanju - 2010/11

51
Prekidi. Rukovanje sa većim brojem uređaja.

Brzina, veličina i cena.

Praktična implementacija logičkih kola. CMOS kolo.

Rizik instrukcija. Uslovni skokovi i predviđanja skoka.


-----------------------------------------------------------------------------
Mikroračunari sa primenom u obrazovanju - 2010/11

52
IA32 – MMX instrukcije.

Razmatranje performansi. Ostala poboljšanja keširanja.

Dekoderi.

Rizik instrukcija. Bezuslovni skokovi.


-----------------------------------------------------------------------------
Mikroračunari sa primenom u obrazovanju - 2010/11

53
ARM primer programa. Program za sortiranje bajtova.

Razmatranje performansi. Keš implementiran na procesorskom čipu.

Ožičena kontrola. Pregled rada procesora.

Uticaj na skup instrukcija. Adresni modovi.


-----------------------------------------------------------------------------
Mikroračunari sa primenom u obrazovanju - 2010/11

54
Prekidi. Struktura prekida kod 68000.

Sekundarna memorija. Magnetni diskovi.

Dekoderi.

Rizik podataka. Prosleđivanje operatora.


-----------------------------------------------------------------------------
Mikroračunari sa primenom u obrazovanju - 2010/11

55
68000 – Struktura registara.

Poluprovodnički RAM. Asinhroni DRAM.

Mikroprogramska kontrola. Mikroinstrukcije.

Rizik podataka. Prosleđivanje operatora.


-----------------------------------------------------------------------------
Mikroračunari sa primenom u obrazovanju - 2010/11

56
Multiprocesori i multiračunari.

Keš memorija. Primeri keširanja kod komercijalnih procesora.

Izvršavanje kompletne instrukcije.

Razmatranja o putu podataka i kontroli.


-----------------------------------------------------------------------------
Mikroračunari sa primenom u obrazovanju - 2010/11

57
68000 – Stekovi i potprogrami.

Memorije samo za čitanje. PROM.

Osnovni koncepti. Smeštanje reči u memoriju.

Rizik instrukcija. Uslovni skokovi i predviđanja skoka.


-----------------------------------------------------------------------------
Mikroračunari sa primenom u obrazovanju - 2010/11

58
IA32 – Format mašinskih instrukcija.

Memorije samo za čitanje. Fleš memorija.

Praktična implementacija logičkih kola. Paketi integralnih kola.

Uticaj na skup instrukcija. Uslovni kodovi.


-----------------------------------------------------------------------------
Mikroračunari sa primenom u obrazovanju - 2010/11

59
Magistrale. Asinhrona magistrala.

Poluprovodnički RAM. Struktura većih memorija.

Osnovni koncepti. Dohvatanje reči iz memorije.

Uticaj na skup instrukcija. Uslovni kodovi.


-----------------------------------------------------------------------------
Mikroračunari sa primenom u obrazovanju - 2010/11

60
Istorijska perspektiva razvoja računarstva. Evolucija performansi.

Keš memorija. Primeri keširanja kod komercijalnih procesora.

Mikroprogramska kontrola. Pred-dohvatanje mikroinstrukcija.

Rizik podataka. Bočni efekti.


-----------------------------------------------------------------------------
Mikroračunari sa primenom u obrazovanju - 2010/11

61
ARM – Instrukcije grananja i petlje.

Keš memorija. Funkcije mapiranja.

Mikroprogramska kontrola. Mikroinstrukcije sa poljem za sledeću adresu.

Rizik podataka. Rukovanje rizikom podataka u softveru.


-----------------------------------------------------------------------------
Mikroračunari sa primenom u obrazovanju - 2010/11

62
68000 primer programa. Program za sortiranje bajtova.

Memorije samo za čitanje. EPROM.

Praktična implementacija logičkih kola. CMOS kolo.

Rizik podataka. Rukovanje rizikom podataka u softveru.


-----------------------------------------------------------------------------
Mikroračunari sa primenom u obrazovanju - 2010/11

63
Magistrale. Asinhrona magistrala.

Memorije samo za čitanje. ROM.

Osnovni koncepti. Prenos između registara.

Rizik instrukcija. Uslovni skokovi i predviđanja skoka.


-----------------------------------------------------------------------------
Mikroračunari sa primenom u obrazovanju - 2010/11

64
ARM – Instrukcije za prenos između registara.

Keš memorija. Funkcije mapiranja.

Mikroprogramska kontrola. Sekvence kod mikroprograma.

Osnovni koncepti. Uloga keš memorije.


-----------------------------------------------------------------------------
Mikroračunari sa primenom u obrazovanju - 2010/11

65
Standardni U/I interfejsi. PCI magistrala.

Poluprovodnički RAM. Struktura većih memorija.

Praktična implementacija logičkih kola. Paketi integralnih kola.

Rizik podataka. Prosleđivanje operatora.


-----------------------------------------------------------------------------
Mikroračunari sa primenom u obrazovanju - 2010/11

66
68000 – Adresiranje.

Keš memorija. Primeri keširanja kod komercijalnih procesora.

Mikroprogramska kontrola. Mikroinstrukcije sa poljem za sledeću adresu.

Razmatranja o putu podataka i kontroli.


-----------------------------------------------------------------------------
Mikroračunari sa primenom u obrazovanju - 2010/11

67
Prekidi. Omogućavanje i onemogućavanje prekida.

Poluprovodnički RAM. Unutrašnja organizacija memorijskih čipova.

Ožičena kontrola. Pregled rada procesora.

Rizik instrukcija. Uslovni skokovi i predviđanja skoka.


-----------------------------------------------------------------------------
Mikroračunari sa primenom u obrazovanju - 2010/11

68
68000 – Logičke instrukcije.

Keš memorija. Algoritmi zamene.

Registri i registri sa pomeranjem.

Uticaj na skup instrukcija. Uslovni kodovi.


-----------------------------------------------------------------------------
Mikroračunari sa primenom u obrazovanju - 2010/11

69
ARM – Instrukcije grananja i petlje.

Memorije samo za čitanje. EEPROM.

Mikroprogramska kontrola. Emulacija.

Rizik instrukcija. Uslovni skokovi i predviđanja skoka.


-----------------------------------------------------------------------------
Mikroračunari sa primenom u obrazovanju - 2010/11

70
Prekidi. Korišćenje prekida kod operativnih sistema.

Poluprovodnički RAM. Razmatranja koja se odnose na memorijski sistem.

Multiplekseri.

Osnovni koncepti. Uloga keš memorije.


-----------------------------------------------------------------------------
Mikroračunari sa primenom u obrazovanju - 2010/11

71
68000 – Struktura registara.

Poluprovodnički RAM. Asinhroni DRAM.

Izvršavanje kompletne instrukcije grananja.

Rizik podataka. Rukovanje rizikom podataka u softveru.


-----------------------------------------------------------------------------
Mikroračunari sa primenom u obrazovanju - 2010/11

72
ARM – Aritmetičke instrukcije.

Keš memorija. Funkcije mapiranja.

Izvršavanje kompletne instrukcije.

Rizik podataka. Rukovanje rizikom podataka u softveru.


-----------------------------------------------------------------------------
Mikroračunari sa primenom u obrazovanju - 2010/11

73
68000 – Asemblerski jezik.

Memorije samo za čitanje. EPROM.

Organizacija procesorske jedinice sa više magistrala.

Superskalarne operacije. Izvršavanja van redosleda.


-----------------------------------------------------------------------------
Mikroračunari sa primenom u obrazovanju - 2010/11

74
IA32 – Format mašinskih instrukcija.

Razmatranje performansi. Preplitanje.

Praktična implementacija logičkih kola. CMOS kolo.

Rizik instrukcija. Uslovni skokovi i predviđanja skoka.


-----------------------------------------------------------------------------
Mikroračunari sa primenom u obrazovanju - 2010/11

75
Pristup U/I uređajima.

Poluprovodnički RAM. Unutrašnja organizacija memorijskih čipova.

Izvršavanje kompletne instrukcije.

Rizik instrukcija. Bezuslovni skokovi.


-----------------------------------------------------------------------------
Mikroračunari sa primenom u obrazovanju - 2010/11

76
Prekidi. Omogućavanje i onemogućavanje prekida.

Memorije samo za čitanje. Fleš memorija.

Mikroprogramska kontrola. Sekvence kod mikroprograma.

Rizik podataka. Rukovanje rizikom podataka u softveru.


-----------------------------------------------------------------------------
Mikroračunari sa primenom u obrazovanju - 2010/11

77
ARM – Instrukcije za prenos između registara.

Keš memorija. Primeri keširanja kod komercijalnih procesora.

Osnovni koncepti. Izvršavanje aritmetičkih ili logičkih operacija.

Uticaj na skup instrukcija. Uslovni kodovi.


-----------------------------------------------------------------------------
Mikroračunari sa primenom u obrazovanju - 2010/11

78
IA32 – Format mašinskih instrukcija.

Memorije samo za čitanje. PROM.

Osnovni koncepti. Prenos između registara.

Uticaj na skup instrukcija. Uslovni kodovi.


-----------------------------------------------------------------------------
Mikroračunari sa primenom u obrazovanju - 2010/11

79
Elektronska kola interfejsa. Serijski port.

Poluprovodnički RAM. Unutrašnja organizacija memorijskih čipova.

Mikroprogramska kontrola. Mikroinstrukcije sa poljem za sledeću adresu.

Rizik podataka. Prosleđivanje operatora.


-----------------------------------------------------------------------------
Mikroračunari sa primenom u obrazovanju - 2010/11

80
Performanse računarskog sistema. Merenje performansi.

Keš memorija. Primeri tehnika mapiranja.

Izvršavanje kompletne instrukcije grananja.

Osnovni koncepti. Performanse protočnosti.


-----------------------------------------------------------------------------
Mikroračunari sa primenom u obrazovanju - 2010/11

81
68000 primer programa. Program za sortiranje bajtova.

Memorije samo za čitanje. EEPROM.

Registri i registri sa pomeranjem.

Osnovni koncepti. Performanse protočnosti.


-----------------------------------------------------------------------------
Mikroračunari sa primenom u obrazovanju - 2010/11

82
Magistrale. Sinhronizovana magistrala.

Memorije samo za čitanje. ROM.

Praktična implementacija logičkih kola. Paketi integralnih kola.

Rizik instrukcija. Uslovni skokovi i predviđanja skoka.


-----------------------------------------------------------------------------
Mikroračunari sa primenom u obrazovanju - 2010/11

83
68000 – Asemblerski jezik.

Memorije samo za čitanje. Fleš memorija.

Mikroprogramska kontrola. Adresiranje sa širokim grananjem.

Uticaj na skup instrukcija. Uslovni kodovi.


-----------------------------------------------------------------------------
Mikroračunari sa primenom u obrazovanju - 2010/11

84
Prekidi. Kontrolisanje zahteva od uređaja.

Razmatranje performansi. Ostala poboljšanja keširanja.

Osnovni koncepti. Dohvatanje reči iz memorije.

Superskalarne operacije. Izvršavanja van redosleda.


-----------------------------------------------------------------------------
Mikroračunari sa primenom u obrazovanju - 2010/11

85
68000 – Struktura registara.

Memorije samo za čitanje. PROM.

Praktična implementacija logičkih kola. Paketi integralnih kola.

Rizik instrukcija. Uslovni skokovi i predviđanja skoka.


-----------------------------------------------------------------------------
Mikroračunari sa primenom u obrazovanju - 2010/11

86
ARM – Instrukcije grananja i petlje.

Razmatranje performansi. Ostala poboljšanja keširanja.

Mikroprogramska kontrola. Mikroinstrukcije.

Osnovni koncepti. Uloga keš memorije.


-----------------------------------------------------------------------------
Mikroračunari sa primenom u obrazovanju - 2010/11

87
Istorijska perspektiva razvoja računarstva. Razvoj posle četvrte generacija računara.

Poluprovodnički RAM. Unutrašnja organizacija memorijskih čipova.

Mikroprogramska kontrola. Mikroinstrukcije sa poljem za sledeću adresu.

Rizik instrukcija. Bezuslovni skokovi.


-----------------------------------------------------------------------------
Mikroračunari sa primenom u obrazovanju - 2010/11

88
Prekidi. Struktura prekida kod 68000.

Razmatranje performansi. Ostala poboljšanja keširanja.

Osnovni koncepti. Smeštanje reči u memoriju.

Osnovni koncepti. Uloga keš memorije.


-----------------------------------------------------------------------------
Mikroračunari sa primenom u obrazovanju - 2010/11

89
68000 – Instrukcije.

Memorije samo za čitanje. EEPROM.

Mikroprogramska kontrola. Pred-dohvatanje mikroinstrukcija.

Rizik podataka. Rukovanje rizikom podataka u softveru.


-----------------------------------------------------------------------------
Mikroračunari sa primenom u obrazovanju - 2010/11

90
ARM primer programa. Program za sortiranje bajtova.

Razmatranje performansi. Preplitanje.

Osnovni koncepti. Smeštanje reči u memoriju.

Superskalarne operacije. Izvršavanja van redosleda.


-----------------------------------------------------------------------------
Mikroračunari sa primenom u obrazovanju - 2010/11

91
68000 primer programa. Program za sortiranje bajtova.

Razmatranje performansi. Ostala poboljšanja keširanja.

Osnovni koncepti. Izvršavanje aritmetičkih ili logičkih operacija.

Osnovni koncepti. Performanse protočnosti.


-----------------------------------------------------------------------------
Mikroračunari sa primenom u obrazovanju - 2010/11

92
68000 – Logičke instrukcije.

Keš memorija. Primeri tehnika mapiranja.

Mikroprogramska kontrola. Emulacija.

Osnovni koncepti. Performanse protočnosti.


-----------------------------------------------------------------------------
Mikroračunari sa primenom u obrazovanju - 2010/11

93
Prekidi. Hardver za prekide.

Osnovni pojmovi.

Mikroprogramska kontrola. Adresiranje sa širokim grananjem.

Uticaj na skup instrukcija. Uslovni kodovi.


-----------------------------------------------------------------------------
Mikroračunari sa primenom u obrazovanju - 2010/11

94
68000 primer programa. Program za sortiranje bajtova.

Poluprovodnički RAM. Sinhroni DRAM.

Mikroprogramska kontrola. Pred-dohvatanje mikroinstrukcija.

Uticaj na skup instrukcija. Uslovni kodovi.


-----------------------------------------------------------------------------
Mikroračunari sa primenom u obrazovanju - 2010/11

95
Pristup U/I uređajima.

Poluprovodnički RAM. Statička memorija.

Praktična implementacija logičkih kola. Kašnjenje pri širenju signala.

Razmatranja o putu podataka i kontroli.


-----------------------------------------------------------------------------
Mikroračunari sa primenom u obrazovanju - 2010/11

96
68000 – Instrukcije.

Keš memorija. Primeri tehnika mapiranja.

Organizacija procesorske jedinice sa više magistrala.

Rizik instrukcija. Uslovni skokovi i predviđanja skoka.


-----------------------------------------------------------------------------
Mikroračunari sa primenom u obrazovanju - 2010/11

97
Standardni U/I interfejsi. PCI magistrala.

Razmatranje performansi. Ostala poboljšanja keširanja.

Osnovni koncepti. Prenos između registara.

Rizik podataka. Rukovanje rizikom podataka u softveru.


-----------------------------------------------------------------------------
Mikroračunari sa primenom u obrazovanju - 2010/11

98
Magistrale. Sinhronizovana magistrala.

Poluprovodnički RAM. Asinhroni DRAM.

Izvršavanje kompletne instrukcije.

Uticaj na skup instrukcija. Adresni modovi.


-----------------------------------------------------------------------------
Mikroračunari sa primenom u obrazovanju - 2010/11

99
Magistrale. Asinhrona magistrala.

Poluprovodnički RAM. Razmatranja koja se odnose na memorijski sistem.

Mikroprogramska kontrola. Emulacija.

Rizik podataka. Bočni efekti.


-----------------------------------------------------------------------------
Mikroračunari sa primenom u obrazovanju - 2010/11

100
68000 – Logičke instrukcije.

Keš memorija. Primeri keširanja kod komercijalnih procesora.

Izvršavanje kompletne instrukcije.

Rizik instrukcija. Bezuslovni skokovi.


-----------------------------------------------------------------------------
Mikroračunari sa primenom u obrazovanju - 2010/11

101
Istorijska perspektiva razvoja računarstva. Evolucija performansi.

Razmatranje performansi. Keš implementiran na procesorskom čipu.

Mikroprogramska kontrola. Adresiranje sa širokim grananjem.

Razmatranja o putu podataka i kontroli.


-----------------------------------------------------------------------------
Mikroračunari sa primenom u obrazovanju - 2010/11

102
Standardni U/I interfejsi. PCI magistrala.

Virtualna memorija. Translacija adresa.

Osnovni koncepti. Smeštanje reči u memoriju.

Rizik podataka. Prosleđivanje operatora.


-----------------------------------------------------------------------------
Mikroračunari sa primenom u obrazovanju - 2010/11

103
68000 primer programa. Skalarni proizvod vektora.

Poluprovodnički RAM. Struktura većih memorija.

Izvršavanje kompletne instrukcije grananja.

Rizik podataka. Prosleđivanje operatora.


-----------------------------------------------------------------------------
Mikroračunari sa primenom u obrazovanju - 2010/11

104
IA32 – Vektorske (SIMD) instrukcije.

Keš memorija. Primeri keširanja kod komercijalnih procesora.

Osnovni koncepti. Smeštanje reči u memoriju.

Superskalarne operacije. Izvršavanja van redosleda.


-----------------------------------------------------------------------------
Mikroračunari sa primenom u obrazovanju - 2010/11

105
ARM – Instrukcije za pristup memoriji i adresni modovi

Razmatranje performansi. Nivo pogotka i kazna za promašaj.

Registri i registri sa pomeranjem.

Uticaj na skup instrukcija. Adresni modovi.


-----------------------------------------------------------------------------
Mikroračunari sa primenom u obrazovanju - 2010/11

106
ARM primer programa. Program za sortiranje bajtova.

Keš memorija. Primeri keširanja kod komercijalnih procesora.

Multiplekseri.

Rizik instrukcija. Uslovni skokovi i predviđanja skoka.


-----------------------------------------------------------------------------
Mikroračunari sa primenom u obrazovanju - 2010/11

107
68000 – Instrukcije grananja i petlje.

Poluprovodnički RAM. Struktura većih memorija.

Mikroprogramska kontrola. Mikroinstrukcije.

Rizik podataka. Rukovanje rizikom podataka u softveru.


-----------------------------------------------------------------------------
Mikroračunari sa primenom u obrazovanju - 2010/11

108
ARM – Logičke instrukcije.

Keš memorija. Algoritmi zamene.

Dekoderi.

Superskalarne operacije. Okončavanje.


-----------------------------------------------------------------------------
Mikroračunari sa primenom u obrazovanju - 2010/11

109
68000 primer programa. Skalarni proizvod vektora.

Keš memorija. Primeri tehnika mapiranja.

Ožičena kontrola. Pregled rada procesora.

Uticaj na skup instrukcija. Adresni modovi.


-----------------------------------------------------------------------------
Mikroračunari sa primenom u obrazovanju - 2010/11

110
Prekidi. Struktura prekida kod ARM.

Sekundarna memorija. Magnetni diskovi.

Izvršavanje kompletne instrukcije grananja.

Osnovni koncepti. Performanse protočnosti.


-----------------------------------------------------------------------------
Mikroračunari sa primenom u obrazovanju - 2010/11

111
ARM primer programa. Povezane liste.

Poluprovodnički RAM. Statička memorija.

Mikroprogramska kontrola. Mikroinstrukcije.

Uticaj na skup instrukcija. Adresni modovi.


-----------------------------------------------------------------------------
Mikroračunari sa primenom u obrazovanju - 2010/11

112
68000 primer programa. Skalarni proizvod vektora.

Memorije samo za čitanje. EPROM.

Praktična implementacija logičkih kola. CMOS kolo.

Rizik podataka. Prosleđivanje operatora.


-----------------------------------------------------------------------------
Mikroračunari sa primenom u obrazovanju - 2010/11

113
Prekidi. Struktura prekida kod ARM.

Poluprovodnički RAM. Unutrašnja organizacija memorijskih čipova.

Multiplekseri.

Uticaj na skup instrukcija. Uslovni kodovi.


-----------------------------------------------------------------------------
Mikroračunari sa primenom u obrazovanju - 2010/11

114
68000 primer programa. Povezane liste.

Sekundarna memorija. Optički diskovi.

Registri i registri sa pomeranjem.

Rizik podataka. Bočni efekti.


-----------------------------------------------------------------------------
Mikroračunari sa primenom u obrazovanju - 2010/11

115
68000 primer programa. Program za sortiranje bajtova.

Memorije samo za čitanje. PROM.

Osnovni koncepti. Dohvatanje reči iz memorije.

Uticaj na skup instrukcija. Uslovni kodovi.


-----------------------------------------------------------------------------
Mikroračunari sa primenom u obrazovanju - 2010/11

116
Istorijska perspektiva razvoja računarstva. Razvoj posle četvrte generacija računara.

Poluprovodnički RAM. Struktura većih memorija.

Praktična implementacija logičkih kola. CMOS kolo.

Superskalarne operacije. Okončavanje.


-----------------------------------------------------------------------------
Mikroračunari sa primenom u obrazovanju - 2010/11

117
Standardni U/I interfejsi. USB.

Razmatranje performansi. Preplitanje.

Ožičena kontrola. Pregled rada procesora.

Osnovni koncepti. Uloga keš memorije.


-----------------------------------------------------------------------------
Mikroračunari sa primenom u obrazovanju - 2010/11

118
Standardni U/I interfejsi. PCI magistrala.

Virtualna memorija. Translacija adresa.

Registri i registri sa pomeranjem.

Rizik podataka. Prosleđivanje operatora.


-----------------------------------------------------------------------------
Mikroračunari sa primenom u obrazovanju - 2010/11

119
ARM – Instrukcije za pristup memoriji i adresni modovi

Osnovni pojmovi.

Osnovni koncepti. Prenos između registara.

Rizik podataka. Prosleđivanje operatora.


-----------------------------------------------------------------------------
Mikroračunari sa primenom u obrazovanju - 2010/11

120
Magistrale. Razmatranje magistrala.

Keš memorija. Primeri keširanja kod komercijalnih procesora.

Praktična implementacija logičkih kola. CMOS kolo.

Osnovni koncepti. Uloga keš memorije.


-----------------------------------------------------------------------------
Mikroračunari sa primenom u obrazovanju - 2010/11

121
ARM – Instrukcije grananja i petlje.

Keš memorija. Algoritmi zamene.

Osnovni koncepti. Smeštanje reči u memoriju.

Osnovni koncepti. Performanse protočnosti.


-----------------------------------------------------------------------------
Mikroračunari sa primenom u obrazovanju - 2010/11

122
ARM primer programa. Povezane liste.

Brzina, veličina i cena.

Osnovni koncepti. Dohvatanje reči iz memorije.

Rizik instrukcija. Uslovni skokovi i predviđanja skoka.


-----------------------------------------------------------------------------
Mikroračunari sa primenom u obrazovanju - 2010/11

123
68000 primer programa. Skalarni proizvod vektora.

Memorije samo za čitanje. PROM.

Praktična implementacija logičkih kola. Kašnjenje pri širenju signala.

Rizik instrukcija. Bezuslovni skokovi.


-----------------------------------------------------------------------------
Mikroračunari sa primenom u obrazovanju - 2010/11

124
68000 primer programa. Povezane liste.

Virtualna memorija. Translacija adresa.

Praktična implementacija logičkih kola. Kašnjenje pri širenju signala.

Osnovni koncepti. Performanse protočnosti.


-----------------------------------------------------------------------------
Mikroračunari sa primenom u obrazovanju - 2010/11

125
Istorijska perspektiva razvoja računarstva. Razvoj posle četvrte generacija računara.

Virtualna memorija. Translacija adresa.

Izvršavanje kompletne instrukcije grananja.

Razmatranja o putu podataka i kontroli.


-----------------------------------------------------------------------------
Mikroračunari sa primenom u obrazovanju - 2010/11

126
Pristup U/I uređajima.

Osnovni pojmovi.

Multiplekseri.

Superskalarne operacije. Izvršavanja van redosleda.


-----------------------------------------------------------------------------
Mikroračunari sa primenom u obrazovanju - 2010/11

127
Elektronska kola interfejsa. Serijski port.

Osnovni pojmovi.

Izvršavanje kompletne instrukcije.

Rizik instrukcija. Uslovni skokovi i predviđanja skoka.


-----------------------------------------------------------------------------
Mikroračunari sa primenom u obrazovanju - 2010/11

128
Pristup U/I uređajima.

Sekundarna memorija. Magnetni diskovi.

Osnovni koncepti. Smeštanje reči u memoriju.

Superskalarne operacije. Izvršavanja van redosleda.


-----------------------------------------------------------------------------
Mikroračunari sa primenom u obrazovanju - 2010/11

129
ARM primer programa. Program za sortiranje bajtova.

Memorije samo za čitanje. PROM.

Izvršavanje kompletne instrukcije.

Rizik instrukcija. Bezuslovni skokovi.


-----------------------------------------------------------------------------
Mikroračunari sa primenom u obrazovanju - 2010/11

130
Prekidi. Korišćenje prekida kod operativnih sistema.

Sekundarna memorija. Optički diskovi.

Izvršavanje kompletne instrukcije grananja.

Rizik instrukcija. Bezuslovni skokovi.


-----------------------------------------------------------------------------
Mikroračunari sa primenom u obrazovanju - 2010/11

131
ARM primer programa. Skalarni proizvod vektora.

Poluprovodnički RAM. Sinhroni DRAM.

Osnovni koncepti. Smeštanje reči u memoriju.

Uticaj na skup instrukcija. Adresni modovi.


-----------------------------------------------------------------------------
Mikroračunari sa primenom u obrazovanju - 2010/11

132
Prekidi. Struktura prekida kod 68000.

Razmatranje performansi. Preplitanje.

Izvršavanje kompletne instrukcije grananja.

Rizik podataka. Rukovanje rizikom podataka u softveru.


-----------------------------------------------------------------------------
Mikroračunari sa primenom u obrazovanju - 2010/11

133
Standardni U/I interfejsi. SCSI magistrala.

Poluprovodnički RAM. Struktura većih memorija.

Brojači.

Osnovni koncepti. Uloga keš memorije.


-----------------------------------------------------------------------------
Mikroračunari sa primenom u obrazovanju - 2010/11

134
Performanse računarskog sistema. Merenje performansi.

Poluprovodnički RAM. Struktura većih memorija.

Osnovni koncepti. Dohvatanje reči iz memorije.

Rizik podataka. Prosleđivanje operatora.


-----------------------------------------------------------------------------
Mikroračunari sa primenom u obrazovanju - 2010/11

135
68000 – Struktura registara.

Keš memorija. Algoritmi zamene.

Brojači.

Rizik podataka. Rukovanje rizikom podataka u softveru.


-----------------------------------------------------------------------------
Mikroračunari sa primenom u obrazovanju - 2010/11

136
Elektronska kola interfejsa. Serijski port.

Sekundarna memorija. Magnetni diskovi.

Mikroprogramska kontrola. Mikroinstrukcije sa poljem za sledeću adresu.

Uticaj na skup instrukcija. Adresni modovi.


-----------------------------------------------------------------------------
Mikroračunari sa primenom u obrazovanju - 2010/11

137
Prekidi. Struktura prekida kod Pentium-a.

Poluprovodnički RAM. Struktura većih memorija.

Registri i registri sa pomeranjem.

Rizik podataka. Prosleđivanje operatora.


-----------------------------------------------------------------------------
Mikroračunari sa primenom u obrazovanju - 2010/11

138
68000 – Struktura registara.

Keš memorija. Primeri tehnika mapiranja.

Osnovni koncepti. Izvršavanje aritmetičkih ili logičkih operacija.

Osnovni koncepti. Performanse protočnosti.


-----------------------------------------------------------------------------
Mikroračunari sa primenom u obrazovanju - 2010/11

139
ARM – Ulazno/izlazne operacije.

Poluprovodnički RAM. Asinhroni DRAM.

Izvršavanje kompletne instrukcije.

Rizik instrukcija. Bezuslovni skokovi.


-----------------------------------------------------------------------------
Mikroračunari sa primenom u obrazovanju - 2010/11

140
68000 primer programa. Skalarni proizvod vektora.

Keš memorija. Primeri tehnika mapiranja.

Registri i registri sa pomeranjem.

Rizik podataka. Rukovanje rizikom podataka u softveru.


-----------------------------------------------------------------------------
Mikroračunari sa primenom u obrazovanju - 2010/11

141
68000 – Adresiranje.

Memorije samo za čitanje. PROM.

Izvršavanje kompletne instrukcije.

Rizik instrukcija. Bezuslovni skokovi.


-----------------------------------------------------------------------------
Mikroračunari sa primenom u obrazovanju - 2010/11

142
Prekidi. Kontrolisanje zahteva od uređaja.

Brzina, veličina i cena.

Mikroprogramska kontrola. Adresiranje sa širokim grananjem.

Osnovni koncepti. Uloga keš memorije.


-----------------------------------------------------------------------------
Mikroračunari sa primenom u obrazovanju - 2010/11

143
Elektronska kola interfejsa. Paralelni port.

Memorije samo za čitanje. PROM.

Praktična implementacija logičkih kola. Paketi integralnih kola.

Rizik podataka. Prosleđivanje operatora.


-----------------------------------------------------------------------------
Mikroračunari sa primenom u obrazovanju - 2010/11

144
Prekidi. Korišćenje prekida kod operativnih sistema.

Memorije samo za čitanje. ROM.

Izvršavanje kompletne instrukcije.

Rizik podataka. Bočni efekti.


-----------------------------------------------------------------------------
Mikroračunari sa primenom u obrazovanju - 2010/11

145
ARM – Potprogrami.

Sekundarna memorija. Magnetni diskovi.

Mikroprogramska kontrola. Sekvence kod mikroprograma.

Uticaj na skup instrukcija. Adresni modovi.


-----------------------------------------------------------------------------
Mikroračunari sa primenom u obrazovanju - 2010/11

146
68000 primer programa. Povezane liste.

Memorije samo za čitanje. EEPROM.

Mikroprogramska kontrola. Mikroinstrukcije sa poljem za sledeću adresu.

Rizik podataka. Bočni efekti.


-----------------------------------------------------------------------------
Mikroračunari sa primenom u obrazovanju - 2010/11

147
Magistrale. Sinhronizovana magistrala.

Poluprovodnički RAM. Unutrašnja organizacija memorijskih čipova.

Mikroprogramska kontrola. Mikroinstrukcije.

Superskalarne operacije. Izvršavanja van redosleda.


-----------------------------------------------------------------------------
Mikroračunari sa primenom u obrazovanju - 2010/11

148
Prekidi. Rukovanje sa većim brojem uređaja.

Sekundarna memorija. Optički diskovi.

Organizacija procesorske jedinice sa više magistrala.

Uticaj na skup instrukcija. Uslovni kodovi.


-----------------------------------------------------------------------------
Mikroračunari sa primenom u obrazovanju - 2010/11

149
68000 – Ulazno/izlazne operacije.

Sekundarna memorija. Optički diskovi.

Mikroprogramska kontrola. Pred-dohvatanje mikroinstrukcija.

Uticaj na skup instrukcija. Adresni modovi.


-----------------------------------------------------------------------------
Mikroračunari sa primenom u obrazovanju - 2010/11

150
68000 – Instrukcije.

Brzina, veličina i cena.

Mikroprogramska kontrola. Adresiranje sa širokim grananjem.

Rizik podataka. Rukovanje rizikom podataka u softveru.


-----------------------------------------------------------------------------
