Објектно орјентисано програмирање - 2016/17

24.06.2017 - 1

Литерали

Mетод финализатор

Модификатори за контролу видљивости, тј. приступа. Примери

Креирање новог типа анотације. Примери

Колекције и генерици. Примери


-----------------------------------------------------------------------------
Објектно орјентисано програмирање - 2016/17

24.06.2017 - 2

Примери наслеђивања

Mетод за превођење у стринг

Пропагирање изузетака. Пример

Испитивање анотација. Примери

Колекције и итератори. Примери


-----------------------------------------------------------------------------
Објектно орјентисано програмирање - 2016/17

24.06.2017 - 3

Јава виртуелна машина

Класе у Јави - методи. Примери

Избацивање изузетака. Пример

Дефинисање генеричког типа. Примери

Колекције и генерици. Примери


-----------------------------------------------------------------------------
Објектно орјентисано програмирање - 2016/17

24.06.2017 - 4

Бекусова нотација

Преоптерећење метода. Примери

Анонимне класе. Пример

Стек као генерички интерфејс

ЈДК колекције и генерици. Примери


-----------------------------------------------------------------------------
Објектно орјентисано програмирање - 2016/17

24.06.2017 - 5

Настанак и развој програмског језика Јава

Mетод за превођење у стринг

Изузеци изведени из Exception а нису RuntimeException

Предности и мане коришћења рефлексије. Примери

Колекције и генерици. Примери


-----------------------------------------------------------------------------
Објектно орјентисано програмирање - 2016/17

24.06.2017 - 6

Карактеристике програмског језика Јава

Наредбе гранања. Пример

Руковање изузецима. Пример

Генерички позив типа. Примери

Хеш скуп. Примери


-----------------------------------------------------------------------------
Објектно орјентисано програмирање - 2016/17

24.06.2017 - 7

Настанак и развој програмског језика Јава

Дефиниција класе у Јави

Руковање изузецима. Пример

Дефинисање генеричког типа. Примери

Каталози. Примери


-----------------------------------------------------------------------------
Објектно орјентисано програмирање - 2016/17

24.06.2017 - 8

Тип података у Јави

Наредба continue. Пример

Руковање изузецима. Пример

Генерици и виртуелна машина. Примери

Колекције и итератори. Примери


-----------------------------------------------------------------------------
Објектно орјентисано програмирање - 2016/17

24.06.2017 - 9

Non-core Java API-ји

Класне променљиве. Пример

Интерфејси у ЈDK-у. Клонирање. Примери

Генерици и виртуелна машина. Примери

Низовна листа. Примери


-----------------------------------------------------------------------------
Објектно орјентисано програмирање - 2016/17

24.06.2017 - 10

Јава виртуелна машина

Класе у Јави - методи. Примери

Пропагирање изузетака. Пример

Генерички метод. Примери

Дрвоидни скуп. Примери


-----------------------------------------------------------------------------
Објектно орјентисано програмирање - 2016/17

24.06.2017 - 11

Кључне речи

Mетод финализатор

Модификатор abstract. Примери

Енумерисани тип. Примери

Каталози. Примери


-----------------------------------------------------------------------------
Објектно орјентисано програмирање - 2016/17

24.06.2017 - 12

Објектни тип

Стрингови. Примери

Проширивање интерфејса. Примери

Енумерисани тип. Примери

Каталози. Примери


-----------------------------------------------------------------------------
Објектно орјентисано програмирање - 2016/17

24.06.2017 - 13

Non-core Java API-ји

Стрингови. Примери

Изузеци типа Error

Ограничења за типове. Примери

Колекције и итератори. Примери


-----------------------------------------------------------------------------
Објектно орјентисано програмирање - 2016/17

24.06.2017 - 14

Настанак и развој програмског језика Јава

Mетод за превођење у стринг

catch блок. Пример

Генерици и виртуелна машина. Примери

Претрага у уређеној колекцији. Примери


-----------------------------------------------------------------------------
Објектно орјентисано програмирање - 2016/17

24.06.2017 - 15

Стек Јава виртуалне машине

Mетод за превођење у стринг

Апстрактне класе. Примери

Испитивање анотација. Примери

Уређење у колекцији. Примери.


-----------------------------------------------------------------------------
Објектно орјентисано програмирање - 2016/17

24.06.2017 - 16

Јава као објектно-орјентисан језик

Класне променљиве. Пример

Интерфејси у ЈDK-у. Клонирање. Примери

Генерички позив типа. Примери

Повезана листа. Примери


-----------------------------------------------------------------------------
Објектно орјентисано програмирање - 2016/17

24.06.2017 - 17

Основни појмови објектно орјентисане парадигме

Наредба break. Пример

Локалне унутрашње класе. Пример

Читање и посатављање вредности за поља коришћењем рефлексије. Примери

ЈДК колекције и генерици. Примери


-----------------------------------------------------------------------------
Објектно орјентисано програмирање - 2016/17

24.06.2017 - 18

JIT Јава прeводилац

Једнодимензионални низ. Пример

Руковање изузецима. Пример

Генерици и виртуелна машина. Примери

Колекције и генерици. Примери


-----------------------------------------------------------------------------
Објектно орјентисано програмирање - 2016/17

24.06.2017 - 19

Целобројни типови података

Иницијализациони блокови. Примери

Изузеци изведени из Exception а нису RuntimeException

Позив метода примерка коришћењем рефлексије. Примери

Дрвоидни скуп. Примери


-----------------------------------------------------------------------------
Објектно орјентисано програмирање - 2016/17

24.06.2017 - 20

Основни појмови објектно орјентисане парадигме

Mетод финализатор

Избацивање изузетака. Пример

Генерички позив типа. Примери

Низовна листа. Примери


-----------------------------------------------------------------------------
Објектно орјентисано програмирање - 2016/17

24.06.2017 - 21

Јава као објектно-орјентисан језик

Превазилажење метода. Пример

Унутрашње класе. Пример

Генерички метод. Примери

Колекције и итератори. Примери


-----------------------------------------------------------------------------
Објектно орјентисано програмирање - 2016/17

24.06.2017 - 22

Реални типови

Класе у Јави - методи. Примери

Апстрактне класе. Примери

Позив метода примерка коришћењем рефлексије. Примери

Колекције и итератори. Примери


-----------------------------------------------------------------------------
Објектно орјентисано програмирање - 2016/17

24.06.2017 - 23

Non-core Java API-ји

Преоптерећење конструктора. Пример

Модификатор static. Примери

Читање и посатављање вредности за поља коришћењем рефлексије. Примери

Колекције и итератори. Примери


-----------------------------------------------------------------------------
Објектно орјентисано програмирање - 2016/17

24.06.2017 - 24

Архитектура Јава виртуалне машине

Класе у Јави – this. Примери

Модификатор final. Примери

Рефлексија (самоиспитивање). Примери

Колекције и генерици. Примери


-----------------------------------------------------------------------------
Објектно орјентисано програмирање - 2016/17

24.06.2017 - 25

Тип података у Јави

Стрингови. Примери

Препоруке за наслеђивање

Читање и посатављање вредности за поља коришћењем рефлексије. Примери

Колекције и итератори. Примери


-----------------------------------------------------------------------------
Објектно орјентисано програмирање - 2016/17

24.06.2017 - 26

Java Core API

Изрази

Унутрашње класе. Пример

Ограничења за типове. Примери

Каталози. Примери


-----------------------------------------------------------------------------
Објектно орјентисано програмирање - 2016/17

24.06.2017 - 27

Реални типови

Константе. Пример

Апстрактне класе. Примери

Предности и мане коришћења рефлексије. Примери

Колекције и генерици. Примери


-----------------------------------------------------------------------------
Објектно орјентисано програмирање - 2016/17

24.06.2017 - 28

Реални типови

Преоптерећење конструктора. Пример

Проширивање интерфејса. Примери

Генерици и виртуелна машина. Примери

ЈДК колекције и генерици. Примери


-----------------------------------------------------------------------------
Објектно орјентисано програмирање - 2016/17

24.06.2017 - 29

Оператори

Изрази

Модификатор final. Примери

Генерички метод. Примери

Масовне операције са колекцијама. Примери


-----------------------------------------------------------------------------
Објектно орјентисано програмирање - 2016/17

24.06.2017 - 30

Извршење Јава програма

Конверзија типова. Примери

Модификатор abstract. Примери

Испитивање типа. Примери

Колекције и итератори. Примери


-----------------------------------------------------------------------------
Објектно орјентисано програмирање - 2016/17

24.06.2017 - 31

Типови Јава апликација

Преоптерећење конструктора. Пример

Унутрашње класе. Пример

Ограничења за типове. Примери

Дрвоидни скуп. Примери


-----------------------------------------------------------------------------
Објектно орјентисано програмирање - 2016/17

24.06.2017 - 32

Јава као објектно-орјентисан језик

Дводимензионални низ. Пример

Пропагирање изузетака. Пример

Дефинисање генеричког типа. Примери

Дрвоидни скуп. Примери


-----------------------------------------------------------------------------
Објектно орјентисано програмирање - 2016/17

24.06.2017 - 33

Реални типови

Стрингови. Примери

Руковање изузецима. Пример

Испитивање анотација. Примери

Колекције и итератори. Примери


-----------------------------------------------------------------------------
Објектно орјентисано програмирање - 2016/17

24.06.2017 - 34

Могућности програмског језика Јава

Класе у Јави – this. Примери

Интерфејси у ЈDK-у. Сортирање. Примери

Шта рефлексија не подржава?

Колекцијски интерфејси.


-----------------------------------------------------------------------------
Објектно орјентисано програмирање - 2016/17

24.06.2017 - 35

Оператори

Наредба continue. Пример

Типови изузетака

Испитивање типа. Примери

Интерфејс и имплементација код колекција. Примери


-----------------------------------------------------------------------------
Објектно орјентисано програмирање - 2016/17

24.06.2017 - 36

Тип података у Јави

Иницијализациони блокови. Примери

Апстрактне класе. Примери

Ограничења за типове. Примери

Колекције и генерици. Примери


-----------------------------------------------------------------------------
Објектно орјентисано програмирање - 2016/17

24.06.2017 - 37

Азбука језика Јава

Иницијализациони блокови. Примери

Модификатори за контролу видљивости, тј. приступа. Примери

Дефинисање генеричког типа. Примери

Хеш скуп. Примери


-----------------------------------------------------------------------------
Објектно орјентисано програмирање - 2016/17

24.06.2017 - 38

JIT Јава прeводилац

Иницијализациони блокови. Примери

try блок. Пример

Стек као генерички интерфејс

Масовне операције са колекцијама. Примери


-----------------------------------------------------------------------------
Објектно орјентисано програмирање - 2016/17

24.06.2017 - 39

Елементарне конструкције језика Јава

Превазилажење метода. Пример

Модификатор final. Примери

Шта рефлексија не подржава?

Интерфејс и имплементација код колекција. Примери


-----------------------------------------------------------------------------
Објектно орјентисано програмирање - 2016/17

24.06.2017 - 40

Тип података у Јави

Једнодимензионални низ. Пример

Апстрактне класе. Примери

Предности генеричког типа. Примери

Колекције и итератори. Примери


-----------------------------------------------------------------------------
Објектно орјентисано програмирање - 2016/17

24.06.2017 - 41

Тип података у Јави

Конструктор. Примери

Интерфејси у ЈDK-у. Сортирање. Примери

Генерички метод. Примери

Колекције у оквиру ЈДК-а


-----------------------------------------------------------------------------
Објектно орјентисано програмирање - 2016/17

24.06.2017 - 42

Настанак и развој програмског језика Јава

Иницијализациони блокови. Примери

Избацивање изузетака. Пример

Генерички метод. Примери

Каталози. Примери


-----------------------------------------------------------------------------
Објектно орјентисано програмирање - 2016/17

24.06.2017 - 43

Литерали

Обележена наредба. Пример

Анонимне класе. Пример

Ограничења за типове. Примери

Претрага у уређеној колекцији. Примери


-----------------------------------------------------------------------------
Објектно орјентисано програмирање - 2016/17

24.06.2017 - 44

Настанак и развој програмског језика Јава

Стрингови. Примери

Изузетци. Пример

Ограничења за типове. Примери

ЈДК колекције и генерици. Примери


-----------------------------------------------------------------------------
Објектно орјентисано програмирање - 2016/17

24.06.2017 - 45

Особине језика Јава

Копирајући конструктор. Пример

Апстрактне класе. Примери

Класе ѕа рефлексију

Хеш скуп. Примери


-----------------------------------------------------------------------------
Објектно орјентисано програмирање - 2016/17

24.06.2017 - 46

Могућности програмског језика Јава

Наредбе гранања. Пример

Пропагирање изузетака. Пример

Испитивање типа. Примери

Масовне операције са колекцијама. Примери


-----------------------------------------------------------------------------
Објектно орјентисано програмирање - 2016/17

24.06.2017 - 47

Јава као објектно-орјентисан језик

Mетод финализатор

Модификатор static. Примери

Генерички позив типа. Примери

ЈДК колекције и генерици. Примери


-----------------------------------------------------------------------------
Објектно орјентисано програмирање - 2016/17

24.06.2017 - 48

Карактеристике програмског језика Јава

Конструктор. Примери

Изузеци изведени из Exception а нису RuntimeException

Шта рефлексија не подржава?

Хеш скуп. Примери


-----------------------------------------------------------------------------
Објектно орјентисано програмирање - 2016/17

24.06.2017 - 49

Архитектура Јава виртуалне машине

Иницијализациони блокови. Примери

Унутрашње класе. Пример

Ограничења за типове. Примери

Низовна листа. Примери


-----------------------------------------------------------------------------
Објектно орјентисано програмирање - 2016/17

24.06.2017 - 50

Примери наслеђивања

Обележена наредба. Пример

Изузеци изведени из Exception а нису RuntimeException

Анотације и формат записа анотације. Примери

Интерфејс и имплементација код колекција. Примери


-----------------------------------------------------------------------------
Објектно орјентисано програмирање - 2016/17

24.06.2017 - 51

Тип података у Јави

Преоптерећење конструктора. Пример

Вишеструки catch блок. Пример

Генерички позив типа. Примери

ЈДК колекције и генерици. Примери


-----------------------------------------------------------------------------
Објектно орјентисано програмирање - 2016/17

24.06.2017 - 52

Особине језика Јава

Класе у Јави – this. Примери

Руковање изузецима. Пример

Динамичко креирање објекта коришћењем рефлексије. Примери

Колекцијски интерфејси.


-----------------------------------------------------------------------------
Објектно орјентисано програмирање - 2016/17

24.06.2017 - 53

Објектни тип

Променљиве

Угнеждене класе. Пример

Енумерисани тип. Примери

Колекције и итератори. Примери


-----------------------------------------------------------------------------
Објектно орјентисано програмирање - 2016/17

24.06.2017 - 54

Објектни тип

Изрази

Интерфејси у ЈDK-у. Клонирање. Примери

Генерици и виртуелна машина. Примери

ЈДК колекције и генерици. Примери


-----------------------------------------------------------------------------
Објектно орјентисано програмирање - 2016/17

24.06.2017 - 55

Регистри Јава виртуалне машине

Дводимензионални низ. Пример

Вишеструки catch блок. Пример

Предности и мане коришћења рефлексије. Примери

Низовна листа. Примери


-----------------------------------------------------------------------------
Објектно орјентисано програмирање - 2016/17

24.06.2017 - 56

Извршење Јава програма

Наредба break. Пример

Руковање изузецима. Пример

Енумерисани тип. Примери

ЈДК колекције и генерици. Примери


-----------------------------------------------------------------------------
Објектно орјентисано програмирање - 2016/17

24.06.2017 - 57

Настанак и развој програмског језика Јава

Дефиниција класе у Јави

Модификатор abstract. Примери

Рефлексија (самоиспитивање). Примери

Уређење у колекцији. Примери.


-----------------------------------------------------------------------------
Објектно орјентисано програмирање - 2016/17

24.06.2017 - 58

Настанак и развој програмског језика Јава

Конверзија типова. Примери

Вишеструки catch блок. Пример

Ограничења за типове. Примери

Каталози. Примери


-----------------------------------------------------------------------------
Објектно орјентисано програмирање - 2016/17

24.06.2017 - 59

Синтаксни дијаграм

Објекти

Модификатор static. Примери

Испитивање типа. Примери

Дрвоидни скуп. Примери


-----------------------------------------------------------------------------
Објектно орјентисано програмирање - 2016/17

24.06.2017 - 60

Архитектура Јава виртуалне машине

Класе у Јави – this. Примери

Пакети. Пример

Генерички позив типа. Примери

Низовна листа. Примери


-----------------------------------------------------------------------------
Објектно орјентисано програмирање - 2016/17

24.06.2017 - 61

Основни појмови објектно орјентисане парадигме

Mетод за превођење у стринг

Интерфејси у ЈDK-у. Сортирање. Примери

Мета анотације. Приемри

Хеш скуп. Примери


-----------------------------------------------------------------------------
Објектно орјентисано програмирање - 2016/17

24.06.2017 - 62

Јава као објектно-орјентисан језик

Mетод за превођење у стринг

Модификатор abstract. Примери

Рефлексија и низови. Примери

Хеш скуп. Примери


-----------------------------------------------------------------------------
Објектно орјентисано програмирање - 2016/17

24.06.2017 - 63

Могућности програмског језика Јава

Копирајући конструктор. Пример

Изузеци типа Error

Рефлексија и низови. Примери

Масовне операције са колекцијама. Примери


-----------------------------------------------------------------------------
Објектно орјентисано програмирање - 2016/17

24.06.2017 - 64

Бекусова нотација

Иницијализациони блокови. Примери

Модификатори за контролу видљивости, тј. приступа. Примери

Позив класног метода коришћењем рефлексије. Примери

Колекције и итератори. Примери


-----------------------------------------------------------------------------
Објектно орјентисано програмирање - 2016/17

24.06.2017 - 65

Могућности програмског језика Јава

Наредба continue. Пример

Избацивање изузетака. Пример

Позив метода примерка коришћењем рефлексије. Примери

Колекцијски интерфејси.


-----------------------------------------------------------------------------
Објектно орјентисано програмирање - 2016/17

24.06.2017 - 66

Бекусова нотација

Једнодимензионални низ. Пример

Интерфејси у ЈDK-у. Сортирање. Примери

Предности генеричког типа. Примери

Колекције и итератори. Примери


-----------------------------------------------------------------------------
Објектно орјентисано програмирање - 2016/17

24.06.2017 - 67

Тип података у Јави

Превазилажење метода. Пример

Анонимне класе. Пример

Читање и посатављање вредности за поља коришћењем рефлексије. Примери

Колекције у оквиру ЈДК-а


-----------------------------------------------------------------------------
Објектно орјентисано програмирање - 2016/17

24.06.2017 - 68

JIT Јава прeводилац

Стрингови. Примери

Интерфејси. Примери

Креирање новог типа анотације. Примери

Каталози. Примери


-----------------------------------------------------------------------------
Објектно орјентисано програмирање - 2016/17

24.06.2017 - 69

Извршење Јава програма

Mетод за превођење у стринг

Модификатор abstract. Примери

Предности и мане коришћења рефлексије. Примери

Дрвоидни скуп. Примери


-----------------------------------------------------------------------------
Објектно орјентисано програмирање - 2016/17

24.06.2017 - 70

Настанак и развој програмског језика Јава

Наредба break. Пример

Интерфејси у ЈDK-у. Сортирање. Примери

Генерички метод. Примери

Интерфејс и имплементација код колекција. Примери


-----------------------------------------------------------------------------
Објектно орјентисано програмирање - 2016/17

24.06.2017 - 71

Алати за Јава развој (JDK)

Класе у Јави – this. Примери

Руковање изузецима. Пример

Енумерисани тип. Примери

Колекције у оквиру ЈДК-а


-----------------------------------------------------------------------------
Објектно орјентисано програмирање - 2016/17

24.06.2017 - 72

Архитектура Јава виртуалне машине

Mетод за превођење у стринг

Изузетци. Пример

Испитивање модификатора коришћењем рефлексије. Примери

ЈДК колекције и генерици. Примери


-----------------------------------------------------------------------------
Објектно орјентисано програмирање - 2016/17

24.06.2017 - 73

Архитектура Јава виртуалне машине

Класне променљиве. Пример

Модификатори за контролу видљивости, тј. приступа. Примери

Испитивање модификатора коришћењем рефлексије. Примери

Каталози. Примери


-----------------------------------------------------------------------------
Објектно орјентисано програмирање - 2016/17

24.06.2017 - 74

Регистри Јава виртуалне машине

Изрази

Модификатор abstract. Примери

Ограничења за типове. Примери

ЈДК колекције и генерици. Примери


-----------------------------------------------------------------------------
Објектно орјентисано програмирање - 2016/17

24.06.2017 - 75

Синтаксни дијаграм

Превазилажење метода. Пример

Модификатор abstract. Примери

Испитивање анотација. Примери

Колекције и генерици. Примери


-----------------------------------------------------------------------------
Објектно орјентисано програмирање - 2016/17

24.06.2017 - 76

Јава виртуелна машина

Изрази

Интерфејси. Примери

Енумерисани тип. Примери

Масовне операције са колекцијама. Примери


-----------------------------------------------------------------------------
Објектно орјентисано програмирање - 2016/17

24.06.2017 - 77

Java Core API

Конверзија типова. Примери

Модификатори за контролу видљивости, тј. приступа. Примери

Предности генеричког типа. Примери

Хеш скуп. Примери


-----------------------------------------------------------------------------
Објектно орјентисано програмирање - 2016/17

24.06.2017 - 78

Архитектура Јава виртуалне машине

Иницијализациони блокови. Примери

Унутрашње класе. Пример

Дефинисање генеричког типа. Примери

Претрага у уређеној колекцији. Примери


-----------------------------------------------------------------------------
Објектно орјентисано програмирање - 2016/17

24.06.2017 - 79

Non-core Java API-ји

Дефиниција класе у Јави

Анонимне класе. Пример

Испитивање анотација. Примери

Уређење у колекцији. Примери.


-----------------------------------------------------------------------------
Објектно орјентисано програмирање - 2016/17

24.06.2017 - 80

Примитивни типови података

Mетод за превођење у стринг

Унутрашње класе. Пример

Енумерисани тип. Примери

Колекције и итератори. Примери


-----------------------------------------------------------------------------
Објектно орјентисано програмирање - 2016/17

24.06.2017 - 81

Настанак и развој програмског језика Јава

Стрингови. Примери

Избацивање изузетака. Пример

Генерици и виртуелна машина. Примери

Уређење у колекцији. Примери.


-----------------------------------------------------------------------------
Објектно орјентисано програмирање - 2016/17

24.06.2017 - 82

Тип података у Јави

Дефиниција класе у Јави

catch блок. Пример

Генерички позив типа. Примери

Интерфејс и имплементација код колекција. Примери


-----------------------------------------------------------------------------
Објектно орјентисано програмирање - 2016/17

24.06.2017 - 83

Начин рада Јава виртуалне машине

Класе у Јави - методи. Примери

Изузетци. Пример

Генерици и виртуелна машина. Примери

Колекције у оквиру ЈДК-а


-----------------------------------------------------------------------------
Објектно орјентисано програмирање - 2016/17

24.06.2017 - 84

Non-core Java API-ји

Променљиве примерка. Пример

finally блок. Пример

Енумерисани тип. Примери

Колекцијски интерфејси.


-----------------------------------------------------------------------------
Објектно орјентисано програмирање - 2016/17

24.06.2017 - 85

Non-core Java API-ји

Класе у Јави - методи. Примери

Пропагирање изузетака. Пример

Ограничења за типове. Примери

Уређење у колекцији. Примери.


-----------------------------------------------------------------------------
Објектно орјентисано програмирање - 2016/17

24.06.2017 - 86

Јава виртуелна машина

Наредба switch. Пример

Апстрактне класе. Примери

Читање и посатављање вредности за поља коришћењем рефлексије. Примери

ЈДК колекције и генерици. Примери


-----------------------------------------------------------------------------
Објектно орјентисано програмирање - 2016/17

24.06.2017 - 87

Примери наслеђивања

Класе у Јави - методи. Примери

Интерфејси. Примери

Креирање новог типа анотације. Примери

Масовне операције са колекцијама. Примери


-----------------------------------------------------------------------------
Објектно орјентисано програмирање - 2016/17

24.06.2017 - 88

Основни појмови објектно орјентисане парадигме

Иницијализациони блокови. Примери

Анонимне класе. Пример

Предности и мане коришћења рефлексије. Примери

Каталози. Примери


-----------------------------------------------------------------------------
Објектно орјентисано програмирање - 2016/17

24.06.2017 - 89

Могућности програмског језика Јава

Наредба for. Пример

Интерфејси у ЈDK-у. Сортирање. Примери

Дефинисање генеричког типа. Примери

Дрвоидни скуп. Примери


-----------------------------------------------------------------------------
Објектно орјентисано програмирање - 2016/17

24.06.2017 - 90

Настанак и развој програмског језика Јава

Превазилажење метода. Пример

Апстрактне класе. Примери

Испитивање типа. Примери

Колекције и генерици. Примери


-----------------------------------------------------------------------------
Објектно орјентисано програмирање - 2016/17

24.06.2017 - 91

Простор Јава виртуалне машине

Одређивање класе објекта и припадности објекта класи

Пакети. Пример

Позив класног метода коришћењем рефлексије. Примери

Дрвоидни скуп. Примери


-----------------------------------------------------------------------------
Објектно орјентисано програмирање - 2016/17

24.06.2017 - 92

Java API

Изрази

Анонимне класе. Пример

Енумерисани тип. Примери

Интерфејс и имплементација код колекција. Примери


-----------------------------------------------------------------------------
Објектно орјентисано програмирање - 2016/17

24.06.2017 - 93

Литерали

Наредба break. Пример

Интерфејси. Примери

Генерички позив типа. Примери

Повезана листа. Примери


-----------------------------------------------------------------------------
Објектно орјентисано програмирање - 2016/17

24.06.2017 - 94

Тип података у Јави

Дефиниција класе у Јави

Руковање изузецима. Пример

Дефинисање генеричког типа. Примери

Колекције и генерици. Примери


-----------------------------------------------------------------------------
Објектно орјентисано програмирање - 2016/17

24.06.2017 - 95

Бекусова нотација

Објекти

Апстрактне класе. Примери

Генерички метод. Примери

Масовне операције са колекцијама. Примери


-----------------------------------------------------------------------------
Објектно орјентисано програмирање - 2016/17

24.06.2017 - 96

Стек Јава виртуалне машине

Једнодимензионални низ. Пример

try блок. Пример

Предности и мане коришћења рефлексије. Примери

Колекцијски интерфејси.


-----------------------------------------------------------------------------
Објектно орјентисано програмирање - 2016/17

24.06.2017 - 97

Бекусова нотација

Конверзија типова. Примери

Изузетци. Пример

Анотације и формат записа анотације. Примери

Низовна листа. Примери


-----------------------------------------------------------------------------
Објектно орјентисано програмирање - 2016/17

24.06.2017 - 98

Литерали

Наредба switch. Пример

Унутрашње класе. Пример

Генерички метод. Примери

Ред и ред са приоритетом. Примери


-----------------------------------------------------------------------------
Објектно орјентисано програмирање - 2016/17

24.06.2017 - 99

Non-core Java API-ји

Дефиниција класе у Јави

Локалне унутрашње класе. Пример

Рефлексија и низови. Примери

ЈДК колекције и генерици. Примери


-----------------------------------------------------------------------------
Објектно орјентисано програмирање - 2016/17

24.06.2017 - 100

Настанак и развој програмског језика Јава

Конверзија типова. Примери

Модификатор static. Примери

Позив класног метода коришћењем рефлексије. Примери

Каталози. Примери


-----------------------------------------------------------------------------
